<?xml version="1.0" encoding="UTF-8"?>
<!-- Generated by org.testng.reporters.JUnitReportReporter -->
<testsuite hostname="LAPTOP-5B46V1I0" failures="0" tests="4" name="testNG.TestNG_3_Skip_Ignore_Disabled" time="4.300" errors="0" timestamp="2023-02-23T16:25:15 IST" skipped="2">
  <testcase classname="testNG.TestNG_3_Skip_Ignore_Disabled" name="redmine" time="3.149"/>
  <system-out/>
  <testcase classname="testNG.TestNG_3_Skip_Ignore_Disabled" name="facebook" time="1.151"/>
  <system-out/>
  <testcase classname="testNG.TestNG_3_Skip_Ignore_Disabled" name="twitter">
    <skipped/>
  </testcase> <!-- twitter -->
  <system-out/>
  <testcase classname="testNG.TestNG_3_Skip_Ignore_Disabled" name="google">
    <skipped/>
  </testcase> <!-- google -->
  <system-out/>
</testsuite> <!-- testNG.TestNG_3_Skip_Ignore_Disabled -->
