<?xml version="1.0" encoding="UTF-8"?>
<!-- Generated by org.testng.reporters.JUnitReportReporter -->
<testsuite hostname="LAPTOP-5B46V1I0" failures="0" tests="1" name="windowHandles.WindowToWindow" time="17.669" errors="0" timestamp="2023-03-02T21:19:11 IST" skipped="0">
  <testcase classname="windowHandles.WindowToWindow" name="WindowHandleMethod" time="17.669"/>
  <system-out/>
</testsuite> <!-- windowHandles.WindowToWindow -->
