<?xml version="1.0" encoding="UTF-8"?>
<!-- Generated by org.testng.reporters.JUnitReportReporter -->
<testsuite hostname="LAPTOP-5B46V1I0" failures="0" tests="1" name="testNG.TestNG_10_DoubleClick" time="14.959" errors="0" timestamp="2023-02-27T14:53:59 IST" skipped="0">
  <testcase classname="testNG.TestNG_10_DoubleClick" name="sendtextAndOk" time="14.959"/>
  <system-out/>
</testsuite> <!-- testNG.TestNG_10_DoubleClick -->
