<?xml version="1.0" encoding="UTF-8"?>
<!-- Generated by org.testng.reporters.JUnitReportReporter -->
<testsuite hostname="LAPTOP-5B46V1I0" failures="0" tests="1" name="verificationMethods.TsestNG_18_NewTab" time="12.712" errors="0" timestamp="2023-03-01T00:14:55 IST" skipped="0">
  <testcase classname="verificationMethods.TsestNG_18_NewTab" name="Text" time="12.712"/>
  <system-out/>
</testsuite> <!-- verificationMethods.TsestNG_18_NewTab -->
