<?xml version="1.0" encoding="UTF-8"?>
<!-- Generated by org.testng.reporters.JUnitReportReporter -->
<testsuite hostname="LAPTOP-5B46V1I0" failures="0" tests="1" name="testNG.NewTest" time="22.281" errors="0" timestamp="2023-02-23T16:12:10 IST" skipped="0">
  <testcase classname="testNG.NewTest" name="f" time="22.281"/>
  <system-out/>
</testsuite> <!-- testNG.NewTest -->
