<?xml version="1.0" encoding="UTF-8"?>
<!-- Generated by org.testng.reporters.JUnitReportReporter -->
<testsuite hostname="LAPTOP-5B46V1I0" failures="0" tests="1" name="testNG.TestNG_14_RightClick" time="9.413" errors="0" timestamp="2023-02-27T15:40:21 IST" skipped="0">
  <testcase classname="testNG.TestNG_14_RightClick" name="sendtextAndOk" time="9.413"/>
  <system-out/>
</testsuite> <!-- testNG.TestNG_14_RightClick -->
