<?xml version="1.0" encoding="UTF-8"?>
<!-- Generated by org.testng.reporters.JUnitReportReporter -->
<testsuite hostname="LAPTOP-5B46V1I0" failures="0" tests="1" name="actionClasses.TestNG_14_RightClick" time="9.441" errors="0" timestamp="2023-03-10T16:53:39 IST" skipped="0">
  <testcase classname="actionClasses.TestNG_14_RightClick" name="sendtextAndOk" time="9.441"/>
  <system-out/>
</testsuite> <!-- actionClasses.TestNG_14_RightClick -->
