<?xml version="1.0" encoding="UTF-8"?>
<!-- Generated by org.testng.reporters.JUnitReportReporter -->
<testsuite hostname="LAPTOP-5B46V1I0" failures="0" tests="4" name="testNG.TestNG_4_Description" time="4.654" errors="0" timestamp="2023-02-21T13:08:03 IST" skipped="2">
  <testcase classname="testNG.TestNG_4_Description" name="redmine" time="3.264"/>
  <system-out/>
  <testcase classname="testNG.TestNG_4_Description" name="facebook" time="1.390"/>
  <system-out/>
  <testcase classname="testNG.TestNG_4_Description" name="twitter">
    <skipped/>
  </testcase> <!-- twitter -->
  <system-out/>
  <testcase classname="testNG.TestNG_4_Description" name="google">
    <skipped/>
  </testcase> <!-- google -->
  <system-out/>
</testsuite> <!-- testNG.TestNG_4_Description -->
