<?xml version="1.0" encoding="UTF-8"?>
<!-- Generated by org.testng.reporters.JUnitReportReporter -->
<testsuite hostname="LAPTOP-5B46V1I0" failures="0" tests="2" name="scrollUpDown.TsestNG_19_Scrolldown" time="1.655" errors="0" timestamp="2023-03-01T14:40:00 IST" skipped="0">
  <testcase classname="scrollUpDown.TsestNG_19_Scrolldown" name="ScrollDown" time="1.302"/>
  <system-out/>
  <testcase classname="scrollUpDown.TsestNG_19_Scrolldown" name="Scrollup" time="0.353"/>
  <system-out/>
</testsuite> <!-- scrollUpDown.TsestNG_19_Scrolldown -->
