<?xml version="1.0" encoding="UTF-8"?>
<!-- Generated by org.testng.reporters.JUnitReportReporter -->
<testsuite hostname="LAPTOP-5B46V1I0" failures="0" tests="4" name="testNG.TestNG_2_Priorityorder" time="6.894" errors="0" timestamp="2023-02-21T12:58:39 IST" skipped="0">
  <testcase classname="testNG.TestNG_2_Priorityorder" name="google" time="1.244"/>
  <system-out/>
  <testcase classname="testNG.TestNG_2_Priorityorder" name="redmine" time="2.881"/>
  <system-out/>
  <testcase classname="testNG.TestNG_2_Priorityorder" name="facebook" time="0.911"/>
  <system-out/>
  <testcase classname="testNG.TestNG_2_Priorityorder" name="twitter" time="1.858"/>
  <system-out/>
</testsuite> <!-- testNG.TestNG_2_Priorityorder -->
