<?xml version="1.0" encoding="UTF-8"?>
<!-- Generated by org.testng.reporters.JUnitReportReporter -->
<testsuite hostname="LAPTOP-5B46V1I0" failures="0" tests="4" name="testNG.TestNG_1_Alphabaticalorder" time="7.198" errors="0" timestamp="2023-02-21T12:56:31 IST" skipped="0">
  <testcase classname="testNG.TestNG_1_Alphabaticalorder" name="redmine" time="2.844"/>
  <system-out/>
  <testcase classname="testNG.TestNG_1_Alphabaticalorder" name="facebook" time="1.037"/>
  <system-out/>
  <testcase classname="testNG.TestNG_1_Alphabaticalorder" name="twitter" time="1.940"/>
  <system-out/>
  <testcase classname="testNG.TestNG_1_Alphabaticalorder" name="google" time="1.377"/>
  <system-out/>
</testsuite> <!-- testNG.TestNG_1_Alphabaticalorder -->
