<?xml version="1.0" encoding="UTF-8"?>
<!-- Generated by org.testng.reporters.JUnitReportReporter -->
<testsuite hostname="LAPTOP-5B46V1I0" failures="0" tests="1" name="testNG.TestNG_12_MouseHover" time="16.333" errors="0" timestamp="2023-02-27T15:24:08 IST" skipped="0">
  <testcase classname="testNG.TestNG_12_MouseHover" name="sendtextAndOk" time="16.333"/>
  <system-out/>
</testsuite> <!-- testNG.TestNG_12_MouseHover -->
