<?xml version="1.0" encoding="UTF-8"?>
<!-- Generated by org.testng.reporters.JUnitReportReporter -->
<testsuite hostname="LAPTOP-5B46V1I0" failures="0" tests="1" name="verificationMethods.TsestNG_17_Text" time="1.751" errors="0" timestamp="2023-02-28T23:45:56 IST" skipped="0">
  <testcase classname="verificationMethods.TsestNG_17_Text" name="Text" time="1.751"/>
  <system-out/>
</testsuite> <!-- verificationMethods.TsestNG_17_Text -->
