<?xml version="1.0" encoding="UTF-8"?>
<!-- Generated by org.testng.reporters.JUnitReportReporter -->
<testsuite hostname="LAPTOP-5B46V1I0" failures="0" tests="1" name="screenshotComands.TestNG_21_Screenshot" time="4.994" errors="0" timestamp="2023-03-01T21:17:46 IST" skipped="0">
  <testcase classname="screenshotComands.TestNG_21_Screenshot" name="Screenshot" time="4.994"/>
  <system-out/>
</testsuite> <!-- screenshotComands.TestNG_21_Screenshot -->
