<?xml version="1.0" encoding="UTF-8"?>
<!-- Generated by org.testng.reporters.JUnitReportReporter -->
<testsuite hostname="LAPTOP-5B46V1I0" failures="0" tests="2" name="testNG.TestNG_6_DependsOnMethods" time="5.615" errors="0" timestamp="2023-02-26T21:15:27 IST" skipped="0">
  <testcase classname="testNG.TestNG_6_DependsOnMethods" name="tajmahalLink" time="1.291"/>
  <system-out/>
  <testcase classname="testNG.TestNG_6_DependsOnMethods" name="tajmahal" time="4.324"/>
  <system-out/>
</testsuite> <!-- testNG.TestNG_6_DependsOnMethods -->
