<?xml version="1.0" encoding="UTF-8"?>
<!-- Generated by org.testng.reporters.JUnitReportReporter -->
<testsuite hostname="LAPTOP-5B46V1I0" failures="0" tests="1" name="isDisplayedEnabledSelected.IsEnabled" time="2.554" errors="0" timestamp="2023-03-21T20:41:21 IST" skipped="0">
  <testcase classname="isDisplayedEnabledSelected.IsEnabled" name="f" time="2.554"/>
  <system-out/>
</testsuite> <!-- isDisplayedEnabledSelected.IsEnabled -->
