<?xml version="1.0" encoding="UTF-8"?>
<!-- Generated by org.testng.reporters.JUnitReportReporter -->
<testsuite hostname="LAPTOP-5B46V1I0" failures="0" tests="1" name="scrollUpDown.TsestNG_19_ScrollUp" time="1.638" errors="0" timestamp="2023-03-01T14:36:43 IST" skipped="0">
  <testcase classname="scrollUpDown.TsestNG_19_ScrollUp" name="Text" time="1.638"/>
  <system-out/>
</testsuite> <!-- scrollUpDown.TsestNG_19_ScrollUp -->
