<?xml version="1.0" encoding="UTF-8"?>
<!-- Generated by org.testng.reporters.JUnitReportReporter -->
<testsuite hostname="LAPTOP-5B46V1I0" failures="0" tests="1" name="verificationMethods.TsestNG_16_UrlText" time="2.790" errors="0" timestamp="2023-02-28T22:58:10 IST" skipped="0">
  <testcase classname="verificationMethods.TsestNG_16_UrlText" name="UrlText" time="2.790"/>
  <system-out/>
</testsuite> <!-- verificationMethods.TsestNG_16_UrlText -->
