<?xml version="1.0" encoding="UTF-8"?>
<!-- Generated by org.testng.reporters.JUnitReportReporter -->
<testsuite hostname="LAPTOP-5B46V1I0" failures="0" tests="2" name="verificationMethods.TsestNG_15_UrlTitleText" time="1.719" errors="0" timestamp="2023-03-04T15:24:09 IST" skipped="0">
  <testcase classname="verificationMethods.TsestNG_15_UrlTitleText" name="UrlTitleText1" time="0.451"/>
  <system-out/>
  <testcase classname="verificationMethods.TsestNG_15_UrlTitleText" name="UrlTitleText" time="1.268"/>
  <system-out/>
</testsuite> <!-- verificationMethods.TsestNG_15_UrlTitleText -->
