<?xml version="1.0" encoding="UTF-8"?>
<!-- Generated by org.testng.reporters.JUnitReportReporter -->
<testsuite hostname="LAPTOP-5B46V1I0" failures="0" tests="1" name="log4J.Demo" time="2.444" errors="0" timestamp="2023-03-04T15:12:39 IST" skipped="0">
  <testcase classname="log4J.Demo" name="LogInfo" time="2.444"/>
  <system-out/>
</testsuite> <!-- log4J.Demo -->
