<?xml version="1.0" encoding="UTF-8"?>
<!-- Generated by org.testng.reporters.JUnitReportReporter -->
<testsuite hostname="LAPTOP-5B46V1I0" failures="0" tests="1" name="log4J.Demo" time="2.692" errors="0" timestamp="2023-03-01T14:19:22 IST" skipped="0">
  <testcase classname="log4J.Demo" name="LogInfo" time="2.692"/>
  <system-out/>
</testsuite> <!-- log4J.Demo -->
