<?xml version="1.0" encoding="UTF-8"?>
<!-- Generated by org.testng.reporters.JUnitReportReporter -->
<testsuite hostname="LAPTOP-5B46V1I0" failures="0" tests="1" name="testNG.TestNG_13_KeyBoardFunctionKEys" time="11.624" errors="0" timestamp="2023-02-27T15:00:20 IST" skipped="0">
  <testcase classname="testNG.TestNG_13_KeyBoardFunctionKEys" name="sendtextAndOk" time="11.624"/>
  <system-out/>
</testsuite> <!-- testNG.TestNG_13_KeyBoardFunctionKEys -->
