<?xml version="1.0" encoding="UTF-8"?>
<!-- Generated by org.testng.reporters.JUnitReportReporter -->
<testsuite hostname="LAPTOP-5B46V1I0" failures="0" tests="1" name="screenshotComands.TestNG_21_Screenshot" time="3.541" errors="0" timestamp="2023-03-04T14:42:41 IST" skipped="0">
  <testcase classname="screenshotComands.TestNG_21_Screenshot" name="Screenshot" time="3.541"/>
  <system-out/>
</testsuite> <!-- screenshotComands.TestNG_21_Screenshot -->
